<?xml version="1.0" encoding="UTF-8"?>
<!-- Generated by org.testng.reporters.JUnitReportReporter -->
<testsuite hostname="DESKTOP-RMGD7UB" failures="0" tests="1" name="com.hrms.testscripts.TC001" time="1.906" errors="0" timestamp="23 Aug 2023 13:50:28 GMT">
  <testcase classname="com.hrms.testscripts.TC001" name="open" time="1.906"/>
</testsuite> <!-- com.hrms.testscripts.TC001 -->
