<?xml version="1.0" encoding="UTF-8"?>
<!-- Generated by org.testng.reporters.JUnitReportReporter -->
<testsuite hostname="DESKTOP-RMGD7UB" failures="0" tests="1" name="com.hrms.testscripts.TC002" time="7.351" errors="0" timestamp="23 Aug 2023 13:17:22 GMT">
  <testcase classname="com.hrms.testscripts.TC002" name="tc002" time="7.351"/>
</testsuite> <!-- com.hrms.testscripts.TC002 -->
